2023-12-09 18:54:00.148 xcodebuild[10787:102858] [MT] DVTAssertions: Warning in /System/Volumes/Data/SWE/Apps/DT/BuildRoots/BuildRoot11/ActiveBuildRoot/Library/Caches/com.apple.xbs/Sources/IDEFrameworks/IDEFrameworks-22267/IDEFoundation/Provisioning/Capabilities Infrastructure/IDECapabilityQuerySelection.swift:103
Details:  createItemModels creation requirements should not create capability item model for a capability item model that already exists.
Function: createItemModels(for:itemModelSource:)
Thread:   <_NSMainThread: 0x6000039303c0>{number = 1, name = main}
Please file a bug at https://feedbackassistant.apple.com with this warning message and any useful information you can provide.
2023-12-09 18:54:00.149 xcodebuild[10787:102858] [MT] DVTAssertions: Warning in /System/Volumes/Data/SWE/Apps/DT/BuildRoots/BuildRoot11/ActiveBuildRoot/Library/Caches/com.apple.xbs/Sources/IDEFrameworks/IDEFrameworks-22267/IDEFoundation/Provisioning/Capabilities Infrastructure/IDECapabilityQuerySelection.swift:103
Details:  createItemModels creation requirements should not create capability item model for a capability item model that already exists.
Function: createItemModels(for:itemModelSource:)
Thread:   <_NSMainThread: 0x6000039303c0>{number = 1, name = main}
Please file a bug at https://feedbackassistant.apple.com with this warning message and any useful information you can provide.
2023-12-09 18:54:00.149 xcodebuild[10787:102858] [MT] DVTAssertions: Warning in /System/Volumes/Data/SWE/Apps/DT/BuildRoots/BuildRoot11/ActiveBuildRoot/Library/Caches/com.apple.xbs/Sources/IDEFrameworks/IDEFrameworks-22267/IDEFoundation/Provisioning/Capabilities Infrastructure/IDECapabilityQuerySelection.swift:103
Details:  createItemModels creation requirements should not create capability item model for a capability item model that already exists.
Function: createItemModels(for:itemModelSource:)
Thread:   <_NSMainThread: 0x6000039303c0>{number = 1, name = main}
Please file a bug at https://feedbackassistant.apple.com with this warning message and any useful information you can provide.
2023-12-09 18:54:00.149 xcodebuild[10787:102858] [MT] DVTAssertions: Warning in /System/Volumes/Data/SWE/Apps/DT/BuildRoots/BuildRoot11/ActiveBuildRoot/Library/Caches/com.apple.xbs/Sources/IDEFrameworks/IDEFrameworks-22267/IDEFoundation/Provisioning/Capabilities Infrastructure/IDECapabilityQuerySelection.swift:103
Details:  createItemModels creation requirements should not create capability item model for a capability item model that already exists.
Function: createItemModels(for:itemModelSource:)
Thread:   <_NSMainThread: 0x6000039303c0>{number = 1, name = main}
Please file a bug at https://feedbackassistant.apple.com with this warning message and any useful information you can provide.
2023-12-09 18:54:00.149 xcodebuild[10787:102858] [MT] DVTAssertions: Warning in /System/Volumes/Data/SWE/Apps/DT/BuildRoots/BuildRoot11/ActiveBuildRoot/Library/Caches/com.apple.xbs/Sources/IDEFrameworks/IDEFrameworks-22267/IDEFoundation/Provisioning/Capabilities Infrastructure/IDECapabilityQuerySelection.swift:103
Details:  createItemModels creation requirements should not create capability item model for a capability item model that already exists.
Function: createItemModels(for:itemModelSource:)
Thread:   <_NSMainThread: 0x6000039303c0>{number = 1, name = main}
Please file a bug at https://feedbackassistant.apple.com with this warning message and any useful information you can provide.
2023-12-09 18:54:00.149 xcodebuild[10787:102858] [MT] DVTAssertions: Warning in /System/Volumes/Data/SWE/Apps/DT/BuildRoots/BuildRoot11/ActiveBuildRoot/Library/Caches/com.apple.xbs/Sources/IDEFrameworks/IDEFrameworks-22267/IDEFoundation/Provisioning/Capabilities Infrastructure/IDECapabilityQuerySelection.swift:103
Details:  createItemModels creation requirements should not create capability item model for a capability item model that already exists.
Function: createItemModels(for:itemModelSource:)
Thread:   <_NSMainThread: 0x6000039303c0>{number = 1, name = main}
Please file a bug at https://feedbackassistant.apple.com with this warning message and any useful information you can provide.
2023-12-09 18:54:00.149 xcodebuild[10787:102858] [MT] DVTAssertions: Warning in /System/Volumes/Data/SWE/Apps/DT/BuildRoots/BuildRoot11/ActiveBuildRoot/Library/Caches/com.apple.xbs/Sources/IDEFrameworks/IDEFrameworks-22267/IDEFoundation/Provisioning/Capabilities Infrastructure/IDECapabilityQuerySelection.swift:103
Details:  createItemModels creation requirements should not create capability item model for a capability item model that already exists.
Function: createItemModels(for:itemModelSource:)
Thread:   <_NSMainThread: 0x6000039303c0>{number = 1, name = main}
Please file a bug at https://feedbackassistant.apple.com with this warning message and any useful information you can provide.
2023-12-09 18:54:00.149 xcodebuild[10787:102858] [MT] DVTAssertions: Warning in /System/Volumes/Data/SWE/Apps/DT/BuildRoots/BuildRoot11/ActiveBuildRoot/Library/Caches/com.apple.xbs/Sources/IDEFrameworks/IDEFrameworks-22267/IDEFoundation/Provisioning/Capabilities Infrastructure/IDECapabilityQuerySelection.swift:103
Details:  createItemModels creation requirements should not create capability item model for a capability item model that already exists.
Function: createItemModels(for:itemModelSource:)
Thread:   <_NSMainThread: 0x6000039303c0>{number = 1, name = main}
Please file a bug at https://feedbackassistant.apple.com with this warning message and any useful information you can provide.
2023-12-09 18:54:00.150 xcodebuild[10787:102858] [MT] DVTAssertions: Warning in /System/Volumes/Data/SWE/Apps/DT/BuildRoots/BuildRoot11/ActiveBuildRoot/Library/Caches/com.apple.xbs/Sources/IDEFrameworks/IDEFrameworks-22267/IDEFoundation/Provisioning/Capabilities Infrastructure/IDECapabilityQuerySelection.swift:103
Details:  createItemModels creation requirements should not create capability item model for a capability item model that already exists.
Function: createItemModels(for:itemModelSource:)
Thread:   <_NSMainThread: 0x6000039303c0>{number = 1, name = main}
Please file a bug at https://feedbackassistant.apple.com with this warning message and any useful information you can provide.
2023-12-09 18:54:00.150 xcodebuild[10787:102858] [MT] DVTAssertions: Warning in /System/Volumes/Data/SWE/Apps/DT/BuildRoots/BuildRoot11/ActiveBuildRoot/Library/Caches/com.apple.xbs/Sources/IDEFrameworks/IDEFrameworks-22267/IDEFoundation/Provisioning/Capabilities Infrastructure/IDECapabilityQuerySelection.swift:103
Details:  createItemModels creation requirements should not create capability item model for a capability item model that already exists.
Function: createItemModels(for:itemModelSource:)
Thread:   <_NSMainThread: 0x6000039303c0>{number = 1, name = main}
Please file a bug at https://feedbackassistant.apple.com with this warning message and any useful information you can provide.
2023-12-09 18:54:00.150 xcodebuild[10787:102858] [MT] DVTAssertions: Warning in /System/Volumes/Data/SWE/Apps/DT/BuildRoots/BuildRoot11/ActiveBuildRoot/Library/Caches/com.apple.xbs/Sources/IDEFrameworks/IDEFrameworks-22267/IDEFoundation/Provisioning/Capabilities Infrastructure/IDECapabilityQuerySelection.swift:103
Details:  createItemModels creation requirements should not create capability item model for a capability item model that already exists.
Function: createItemModels(for:itemModelSource:)
Thread:   <_NSMainThread: 0x6000039303c0>{number = 1, name = main}
Please file a bug at https://feedbackassistant.apple.com with this warning message and any useful information you can provide.
2023-12-09 18:54:00.150 xcodebuild[10787:102858] [MT] DVTAssertions: Warning in /System/Volumes/Data/SWE/Apps/DT/BuildRoots/BuildRoot11/ActiveBuildRoot/Library/Caches/com.apple.xbs/Sources/IDEFrameworks/IDEFrameworks-22267/IDEFoundation/Provisioning/Capabilities Infrastructure/IDECapabilityQuerySelection.swift:103
Details:  createItemModels creation requirements should not create capability item model for a capability item model that already exists.
Function: createItemModels(for:itemModelSource:)
Thread:   <_NSMainThread: 0x6000039303c0>{number = 1, name = main}
Please file a bug at https://feedbackassistant.apple.com with this warning message and any useful information you can provide.
2023-12-09 18:54:00.151 xcodebuild[10787:102858] [MT] DVTAssertions: Warning in /System/Volumes/Data/SWE/Apps/DT/BuildRoots/BuildRoot11/ActiveBuildRoot/Library/Caches/com.apple.xbs/Sources/IDEFrameworks/IDEFrameworks-22267/IDEFoundation/Provisioning/Capabilities Infrastructure/IDECapabilityQuerySelection.swift:103
Details:  createItemModels creation requirements should not create capability item model for a capability item model that already exists.
Function: createItemModels(for:itemModelSource:)
Thread:   <_NSMainThread: 0x6000039303c0>{number = 1, name = main}
Please file a bug at https://feedbackassistant.apple.com with this warning message and any useful information you can provide.
2023-12-09 18:54:00.151 xcodebuild[10787:102858] [MT] DVTAssertions: Warning in /System/Volumes/Data/SWE/Apps/DT/BuildRoots/BuildRoot11/ActiveBuildRoot/Library/Caches/com.apple.xbs/Sources/IDEFrameworks/IDEFrameworks-22267/IDEFoundation/Provisioning/Capabilities Infrastructure/IDECapabilityQuerySelection.swift:103
Details:  createItemModels creation requirements should not create capability item model for a capability item model that already exists.
Function: createItemModels(for:itemModelSource:)
Thread:   <_NSMainThread: 0x6000039303c0>{number = 1, name = main}
Please file a bug at https://feedbackassistant.apple.com with this warning message and any useful information you can provide.
2023-12-09 18:54:00.151 xcodebuild[10787:102858] [MT] DVTAssertions: Warning in /System/Volumes/Data/SWE/Apps/DT/BuildRoots/BuildRoot11/ActiveBuildRoot/Library/Caches/com.apple.xbs/Sources/IDEFrameworks/IDEFrameworks-22267/IDEFoundation/Provisioning/Capabilities Infrastructure/IDECapabilityQuerySelection.swift:103
Details:  createItemModels creation requirements should not create capability item model for a capability item model that already exists.
Function: createItemModels(for:itemModelSource:)
Thread:   <_NSMainThread: 0x6000039303c0>{number = 1, name = main}
Please file a bug at https://feedbackassistant.apple.com with this warning message and any useful information you can provide.
2023-12-09 18:54:00.151 xcodebuild[10787:102858] [MT] DVTAssertions: Warning in /System/Volumes/Data/SWE/Apps/DT/BuildRoots/BuildRoot11/ActiveBuildRoot/Library/Caches/com.apple.xbs/Sources/IDEFrameworks/IDEFrameworks-22267/IDEFoundation/Provisioning/Capabilities Infrastructure/IDECapabilityQuerySelection.swift:103
Details:  createItemModels creation requirements should not create capability item model for a capability item model that already exists.
Function: createItemModels(for:itemModelSource:)
Thread:   <_NSMainThread: 0x6000039303c0>{number = 1, name = main}
Please file a bug at https://feedbackassistant.apple.com with this warning message and any useful information you can provide.
2023-12-09 18:54:00.151 xcodebuild[10787:102858] [MT] DVTAssertions: Warning in /System/Volumes/Data/SWE/Apps/DT/BuildRoots/BuildRoot11/ActiveBuildRoot/Library/Caches/com.apple.xbs/Sources/IDEFrameworks/IDEFrameworks-22267/IDEFoundation/Provisioning/Capabilities Infrastructure/IDECapabilityQuerySelection.swift:103
Details:  createItemModels creation requirements should not create capability item model for a capability item model that already exists.
Function: createItemModels(for:itemModelSource:)
Thread:   <_NSMainThread: 0x6000039303c0>{number = 1, name = main}
Please file a bug at https://feedbackassistant.apple.com with this warning message and any useful information you can provide.
2023-12-09 18:54:00.151 xcodebuild[10787:102858] [MT] DVTAssertions: Warning in /System/Volumes/Data/SWE/Apps/DT/BuildRoots/BuildRoot11/ActiveBuildRoot/Library/Caches/com.apple.xbs/Sources/IDEFrameworks/IDEFrameworks-22267/IDEFoundation/Provisioning/Capabilities Infrastructure/IDECapabilityQuerySelection.swift:103
Details:  createItemModels creation requirements should not create capability item model for a capability item model that already exists.
Function: createItemModels(for:itemModelSource:)
Thread:   <_NSMainThread: 0x6000039303c0>{number = 1, name = main}
Please file a bug at https://feedbackassistant.apple.com with this warning message and any useful information you can provide.
2023-12-09 18:54:00.151 xcodebuild[10787:102858] [MT] DVTAssertions: Warning in /System/Volumes/Data/SWE/Apps/DT/BuildRoots/BuildRoot11/ActiveBuildRoot/Library/Caches/com.apple.xbs/Sources/IDEFrameworks/IDEFrameworks-22267/IDEFoundation/Provisioning/Capabilities Infrastructure/IDECapabilityQuerySelection.swift:103
Details:  createItemModels creation requirements should not create capability item model for a capability item model that already exists.
Function: createItemModels(for:itemModelSource:)
Thread:   <_NSMainThread: 0x6000039303c0>{number = 1, name = main}
Please file a bug at https://feedbackassistant.apple.com with this warning message and any useful information you can provide.
2023-12-09 18:54:00.152 xcodebuild[10787:102858] [MT] DVTAssertions: Warning in /System/Volumes/Data/SWE/Apps/DT/BuildRoots/BuildRoot11/ActiveBuildRoot/Library/Caches/com.apple.xbs/Sources/IDEFrameworks/IDEFrameworks-22267/IDEFoundation/Provisioning/Capabilities Infrastructure/IDECapabilityQuerySelection.swift:103
Details:  createItemModels creation requirements should not create capability item model for a capability item model that already exists.
Function: createItemModels(for:itemModelSource:)
Thread:   <_NSMainThread: 0x6000039303c0>{number = 1, name = main}
Please file a bug at https://feedbackassistant.apple.com with this warning message and any useful information you can provide.
2023-12-09 18:54:00.152 xcodebuild[10787:102858] [MT] DVTAssertions: Warning in /System/Volumes/Data/SWE/Apps/DT/BuildRoots/BuildRoot11/ActiveBuildRoot/Library/Caches/com.apple.xbs/Sources/IDEFrameworks/IDEFrameworks-22267/IDEFoundation/Provisioning/Capabilities Infrastructure/IDECapabilityQuerySelection.swift:103
Details:  createItemModels creation requirements should not create capability item model for a capability item model that already exists.
Function: createItemModels(for:itemModelSource:)
Thread:   <_NSMainThread: 0x6000039303c0>{number = 1, name = main}
Please file a bug at https://feedbackassistant.apple.com with this warning message and any useful information you can provide.
2023-12-09 18:54:00.152 xcodebuild[10787:102858] [MT] DVTAssertions: Warning in /System/Volumes/Data/SWE/Apps/DT/BuildRoots/BuildRoot11/ActiveBuildRoot/Library/Caches/com.apple.xbs/Sources/IDEFrameworks/IDEFrameworks-22267/IDEFoundation/Provisioning/Capabilities Infrastructure/IDECapabilityQuerySelection.swift:103
Details:  createItemModels creation requirements should not create capability item model for a capability item model that already exists.
Function: createItemModels(for:itemModelSource:)
Thread:   <_NSMainThread: 0x6000039303c0>{number = 1, name = main}
Please file a bug at https://feedbackassistant.apple.com with this warning message and any useful information you can provide.
2023-12-09 18:54:00.152 xcodebuild[10787:102858] [MT] DVTAssertions: Warning in /System/Volumes/Data/SWE/Apps/DT/BuildRoots/BuildRoot11/ActiveBuildRoot/Library/Caches/com.apple.xbs/Sources/IDEFrameworks/IDEFrameworks-22267/IDEFoundation/Provisioning/Capabilities Infrastructure/IDECapabilityQuerySelection.swift:103
Details:  createItemModels creation requirements should not create capability item model for a capability item model that already exists.
Function: createItemModels(for:itemModelSource:)
Thread:   <_NSMainThread: 0x6000039303c0>{number = 1, name = main}
Please file a bug at https://feedbackassistant.apple.com with this warning message and any useful information you can provide.
2023-12-09 18:54:00.152 xcodebuild[10787:102858] [MT] DVTAssertions: Warning in /System/Volumes/Data/SWE/Apps/DT/BuildRoots/BuildRoot11/ActiveBuildRoot/Library/Caches/com.apple.xbs/Sources/IDEFrameworks/IDEFrameworks-22267/IDEFoundation/Provisioning/Capabilities Infrastructure/IDECapabilityQuerySelection.swift:103
Details:  createItemModels creation requirements should not create capability item model for a capability item model that already exists.
Function: createItemModels(for:itemModelSource:)
Thread:   <_NSMainThread: 0x6000039303c0>{number = 1, name = main}
Please file a bug at https://feedbackassistant.apple.com with this warning message and any useful information you can provide.
2023-12-09 18:54:00.152 xcodebuild[10787:102858] [MT] DVTAssertions: Warning in /System/Volumes/Data/SWE/Apps/DT/BuildRoots/BuildRoot11/ActiveBuildRoot/Library/Caches/com.apple.xbs/Sources/IDEFrameworks/IDEFrameworks-22267/IDEFoundation/Provisioning/Capabilities Infrastructure/IDECapabilityQuerySelection.swift:103
Details:  createItemModels creation requirements should not create capability item model for a capability item model that already exists.
Function: createItemModels(for:itemModelSource:)
Thread:   <_NSMainThread: 0x6000039303c0>{number = 1, name = main}
Please file a bug at https://feedbackassistant.apple.com with this warning message and any useful information you can provide.
2023-12-09 18:54:00.152 xcodebuild[10787:102858] [MT] DVTAssertions: Warning in /System/Volumes/Data/SWE/Apps/DT/BuildRoots/BuildRoot11/ActiveBuildRoot/Library/Caches/com.apple.xbs/Sources/IDEFrameworks/IDEFrameworks-22267/IDEFoundation/Provisioning/Capabilities Infrastructure/IDECapabilityQuerySelection.swift:103
Details:  createItemModels creation requirements should not create capability item model for a capability item model that already exists.
Function: createItemModels(for:itemModelSource:)
Thread:   <_NSMainThread: 0x6000039303c0>{number = 1, name = main}
Please file a bug at https://feedbackassistant.apple.com with this warning message and any useful information you can provide.
2023-12-09 18:54:00.152 xcodebuild[10787:102858] [MT] DVTAssertions: Warning in /System/Volumes/Data/SWE/Apps/DT/BuildRoots/BuildRoot11/ActiveBuildRoot/Library/Caches/com.apple.xbs/Sources/IDEFrameworks/IDEFrameworks-22267/IDEFoundation/Provisioning/Capabilities Infrastructure/IDECapabilityQuerySelection.swift:103
Details:  createItemModels creation requirements should not create capability item model for a capability item model that already exists.
Function: createItemModels(for:itemModelSource:)
Thread:   <_NSMainThread: 0x6000039303c0>{number = 1, name = main}
Please file a bug at https://feedbackassistant.apple.com with this warning message and any useful information you can provide.
2023-12-09 18:54:00.152 xcodebuild[10787:102858] [MT] DVTAssertions: Warning in /System/Volumes/Data/SWE/Apps/DT/BuildRoots/BuildRoot11/ActiveBuildRoot/Library/Caches/com.apple.xbs/Sources/IDEFrameworks/IDEFrameworks-22267/IDEFoundation/Provisioning/Capabilities Infrastructure/IDECapabilityQuerySelection.swift:103
Details:  createItemModels creation requirements should not create capability item model for a capability item model that already exists.
Function: createItemModels(for:itemModelSource:)
Thread:   <_NSMainThread: 0x6000039303c0>{number = 1, name = main}
Please file a bug at https://feedbackassistant.apple.com with this warning message and any useful information you can provide.
2023-12-09 18:54:00.152 xcodebuild[10787:102858] [MT] DVTAssertions: Warning in /System/Volumes/Data/SWE/Apps/DT/BuildRoots/BuildRoot11/ActiveBuildRoot/Library/Caches/com.apple.xbs/Sources/IDEFrameworks/IDEFrameworks-22267/IDEFoundation/Provisioning/Capabilities Infrastructure/IDECapabilityQuerySelection.swift:103
Details:  createItemModels creation requirements should not create capability item model for a capability item model that already exists.
Function: createItemModels(for:itemModelSource:)
Thread:   <_NSMainThread: 0x6000039303c0>{number = 1, name = main}
Please file a bug at https://feedbackassistant.apple.com with this warning message and any useful information you can provide.
2023-12-09 18:54:00.153 xcodebuild[10787:102858] [MT] DVTAssertions: Warning in /System/Volumes/Data/SWE/Apps/DT/BuildRoots/BuildRoot11/ActiveBuildRoot/Library/Caches/com.apple.xbs/Sources/IDEFrameworks/IDEFrameworks-22267/IDEFoundation/Provisioning/Capabilities Infrastructure/IDECapabilityQuerySelection.swift:103
Details:  createItemModels creation requirements should not create capability item model for a capability item model that already exists.
Function: createItemModels(for:itemModelSource:)
Thread:   <_NSMainThread: 0x6000039303c0>{number = 1, name = main}
Please file a bug at https://feedbackassistant.apple.com with this warning message and any useful information you can provide.
2023-12-09 18:54:00.153 xcodebuild[10787:102858] [MT] DVTAssertions: Warning in /System/Volumes/Data/SWE/Apps/DT/BuildRoots/BuildRoot11/ActiveBuildRoot/Library/Caches/com.apple.xbs/Sources/IDEFrameworks/IDEFrameworks-22267/IDEFoundation/Provisioning/Capabilities Infrastructure/IDECapabilityQuerySelection.swift:103
Details:  createItemModels creation requirements should not create capability item model for a capability item model that already exists.
Function: createItemModels(for:itemModelSource:)
Thread:   <_NSMainThread: 0x6000039303c0>{number = 1, name = main}
Please file a bug at https://feedbackassistant.apple.com with this warning message and any useful information you can provide.
2023-12-09 18:54:00.154 xcodebuild[10787:102858] [MT] DVTAssertions: Warning in /System/Volumes/Data/SWE/Apps/DT/BuildRoots/BuildRoot11/ActiveBuildRoot/Library/Caches/com.apple.xbs/Sources/IDEFrameworks/IDEFrameworks-22267/IDEFoundation/Provisioning/Capabilities Infrastructure/IDECapabilityQuerySelection.swift:103
Details:  createItemModels creation requirements should not create capability item model for a capability item model that already exists.
Function: createItemModels(for:itemModelSource:)
Thread:   <_NSMainThread: 0x6000039303c0>{number = 1, name = main}
Please file a bug at https://feedbackassistant.apple.com with this warning message and any useful information you can provide.
2023-12-09 18:54:00.157 xcodebuild[10787:102858] [MT] DVTAssertions: Warning in /System/Volumes/Data/SWE/Apps/DT/BuildRoots/BuildRoot11/ActiveBuildRoot/Library/Caches/com.apple.xbs/Sources/IDEFrameworks/IDEFrameworks-22267/IDEFoundation/Provisioning/Capabilities Infrastructure/IDECapabilityQuerySelection.swift:103
Details:  createItemModels creation requirements should not create capability item model for a capability item model that already exists.
Function: createItemModels(for:itemModelSource:)
Thread:   <_NSMainThread: 0x6000039303c0>{number = 1, name = main}
Please file a bug at https://feedbackassistant.apple.com with this warning message and any useful information you can provide.
2023-12-09 18:54:00.157 xcodebuild[10787:102858] [MT] DVTAssertions: Warning in /System/Volumes/Data/SWE/Apps/DT/BuildRoots/BuildRoot11/ActiveBuildRoot/Library/Caches/com.apple.xbs/Sources/IDEFrameworks/IDEFrameworks-22267/IDEFoundation/Provisioning/Capabilities Infrastructure/IDECapabilityQuerySelection.swift:103
Details:  createItemModels creation requirements should not create capability item model for a capability item model that already exists.
Function: createItemModels(for:itemModelSource:)
Thread:   <_NSMainThread: 0x6000039303c0>{number = 1, name = main}
Please file a bug at https://feedbackassistant.apple.com with this warning message and any useful information you can provide.
2023-12-09 18:54:00.157 xcodebuild[10787:102858] [MT] DVTAssertions: Warning in /System/Volumes/Data/SWE/Apps/DT/BuildRoots/BuildRoot11/ActiveBuildRoot/Library/Caches/com.apple.xbs/Sources/IDEFrameworks/IDEFrameworks-22267/IDEFoundation/Provisioning/Capabilities Infrastructure/IDECapabilityQuerySelection.swift:103
Details:  createItemModels creation requirements should not create capability item model for a capability item model that already exists.
Function: createItemModels(for:itemModelSource:)
Thread:   <_NSMainThread: 0x6000039303c0>{number = 1, name = main}
Please file a bug at https://feedbackassistant.apple.com with this warning message and any useful information you can provide.
2023-12-09 18:54:00.157 xcodebuild[10787:102858] [MT] DVTAssertions: Warning in /System/Volumes/Data/SWE/Apps/DT/BuildRoots/BuildRoot11/ActiveBuildRoot/Library/Caches/com.apple.xbs/Sources/IDEFrameworks/IDEFrameworks-22267/IDEFoundation/Provisioning/Capabilities Infrastructure/IDECapabilityQuerySelection.swift:103
Details:  createItemModels creation requirements should not create capability item model for a capability item model that already exists.
Function: createItemModels(for:itemModelSource:)
Thread:   <_NSMainThread: 0x6000039303c0>{number = 1, name = main}
Please file a bug at https://feedbackassistant.apple.com with this warning message and any useful information you can provide.
2023-12-09 18:54:00.157 xcodebuild[10787:102858] [MT] DVTAssertions: Warning in /System/Volumes/Data/SWE/Apps/DT/BuildRoots/BuildRoot11/ActiveBuildRoot/Library/Caches/com.apple.xbs/Sources/IDEFrameworks/IDEFrameworks-22267/IDEFoundation/Provisioning/Capabilities Infrastructure/IDECapabilityQuerySelection.swift:103
Details:  createItemModels creation requirements should not create capability item model for a capability item model that already exists.
Function: createItemModels(for:itemModelSource:)
Thread:   <_NSMainThread: 0x6000039303c0>{number = 1, name = main}
Please file a bug at https://feedbackassistant.apple.com with this warning message and any useful information you can provide.
2023-12-09 18:54:00.157 xcodebuild[10787:102858] [MT] DVTAssertions: Warning in /System/Volumes/Data/SWE/Apps/DT/BuildRoots/BuildRoot11/ActiveBuildRoot/Library/Caches/com.apple.xbs/Sources/IDEFrameworks/IDEFrameworks-22267/IDEFoundation/Provisioning/Capabilities Infrastructure/IDECapabilityQuerySelection.swift:103
Details:  createItemModels creation requirements should not create capability item model for a capability item model that already exists.
Function: createItemModels(for:itemModelSource:)
Thread:   <_NSMainThread: 0x6000039303c0>{number = 1, name = main}
Please file a bug at https://feedbackassistant.apple.com with this warning message and any useful information you can provide.
2023-12-09 18:54:00.157 xcodebuild[10787:102858] [MT] DVTAssertions: Warning in /System/Volumes/Data/SWE/Apps/DT/BuildRoots/BuildRoot11/ActiveBuildRoot/Library/Caches/com.apple.xbs/Sources/IDEFrameworks/IDEFrameworks-22267/IDEFoundation/Provisioning/Capabilities Infrastructure/IDECapabilityQuerySelection.swift:103
Details:  createItemModels creation requirements should not create capability item model for a capability item model that already exists.
Function: createItemModels(for:itemModelSource:)
Thread:   <_NSMainThread: 0x6000039303c0>{number = 1, name = main}
Please file a bug at https://feedbackassistant.apple.com with this warning message and any useful information you can provide.
2023-12-09 18:54:00.157 xcodebuild[10787:102858] [MT] DVTAssertions: Warning in /System/Volumes/Data/SWE/Apps/DT/BuildRoots/BuildRoot11/ActiveBuildRoot/Library/Caches/com.apple.xbs/Sources/IDEFrameworks/IDEFrameworks-22267/IDEFoundation/Provisioning/Capabilities Infrastructure/IDECapabilityQuerySelection.swift:103
Details:  createItemModels creation requirements should not create capability item model for a capability item model that already exists.
Function: createItemModels(for:itemModelSource:)
Thread:   <_NSMainThread: 0x6000039303c0>{number = 1, name = main}
Please file a bug at https://feedbackassistant.apple.com with this warning message and any useful information you can provide.
2023-12-09 18:54:00.157 xcodebuild[10787:102858] [MT] DVTAssertions: Warning in /System/Volumes/Data/SWE/Apps/DT/BuildRoots/BuildRoot11/ActiveBuildRoot/Library/Caches/com.apple.xbs/Sources/IDEFrameworks/IDEFrameworks-22267/IDEFoundation/Provisioning/Capabilities Infrastructure/IDECapabilityQuerySelection.swift:103
Details:  createItemModels creation requirements should not create capability item model for a capability item model that already exists.
Function: createItemModels(for:itemModelSource:)
Thread:   <_NSMainThread: 0x6000039303c0>{number = 1, name = main}
Please file a bug at https://feedbackassistant.apple.com with this warning message and any useful information you can provide.
2023-12-09 18:54:00.157 xcodebuild[10787:102858] [MT] DVTAssertions: Warning in /System/Volumes/Data/SWE/Apps/DT/BuildRoots/BuildRoot11/ActiveBuildRoot/Library/Caches/com.apple.xbs/Sources/IDEFrameworks/IDEFrameworks-22267/IDEFoundation/Provisioning/Capabilities Infrastructure/IDECapabilityQuerySelection.swift:103
Details:  createItemModels creation requirements should not create capability item model for a capability item model that already exists.
Function: createItemModels(for:itemModelSource:)
Thread:   <_NSMainThread: 0x6000039303c0>{number = 1, name = main}
Please file a bug at https://feedbackassistant.apple.com with this warning message and any useful information you can provide.
2023-12-09 18:54:00.157 xcodebuild[10787:102858] [MT] DVTAssertions: Warning in /System/Volumes/Data/SWE/Apps/DT/BuildRoots/BuildRoot11/ActiveBuildRoot/Library/Caches/com.apple.xbs/Sources/IDEFrameworks/IDEFrameworks-22267/IDEFoundation/Provisioning/Capabilities Infrastructure/IDECapabilityQuerySelection.swift:103
Details:  createItemModels creation requirements should not create capability item model for a capability item model that already exists.
Function: createItemModels(for:itemModelSource:)
Thread:   <_NSMainThread: 0x6000039303c0>{number = 1, name = main}
Please file a bug at https://feedbackassistant.apple.com with this warning message and any useful information you can provide.
2023-12-09 18:54:00.158 xcodebuild[10787:102858] [MT] DVTAssertions: Warning in /System/Volumes/Data/SWE/Apps/DT/BuildRoots/BuildRoot11/ActiveBuildRoot/Library/Caches/com.apple.xbs/Sources/IDEFrameworks/IDEFrameworks-22267/IDEFoundation/Provisioning/Capabilities Infrastructure/IDECapabilityQuerySelection.swift:103
Details:  createItemModels creation requirements should not create capability item model for a capability item model that already exists.
Function: createItemModels(for:itemModelSource:)
Thread:   <_NSMainThread: 0x6000039303c0>{number = 1, name = main}
Please file a bug at https://feedbackassistant.apple.com with this warning message and any useful information you can provide.
2023-12-09 18:54:00.158 xcodebuild[10787:102858] [MT] DVTAssertions: Warning in /System/Volumes/Data/SWE/Apps/DT/BuildRoots/BuildRoot11/ActiveBuildRoot/Library/Caches/com.apple.xbs/Sources/IDEFrameworks/IDEFrameworks-22267/IDEFoundation/Provisioning/Capabilities Infrastructure/IDECapabilityQuerySelection.swift:103
Details:  createItemModels creation requirements should not create capability item model for a capability item model that already exists.
Function: createItemModels(for:itemModelSource:)
Thread:   <_NSMainThread: 0x6000039303c0>{number = 1, name = main}
Please file a bug at https://feedbackassistant.apple.com with this warning message and any useful information you can provide.
2023-12-09 18:54:00.158 xcodebuild[10787:102858] [MT] DVTAssertions: Warning in /System/Volumes/Data/SWE/Apps/DT/BuildRoots/BuildRoot11/ActiveBuildRoot/Library/Caches/com.apple.xbs/Sources/IDEFrameworks/IDEFrameworks-22267/IDEFoundation/Provisioning/Capabilities Infrastructure/IDECapabilityQuerySelection.swift:103
Details:  createItemModels creation requirements should not create capability item model for a capability item model that already exists.
Function: createItemModels(for:itemModelSource:)
Thread:   <_NSMainThread: 0x6000039303c0>{number = 1, name = main}
Please file a bug at https://feedbackassistant.apple.com with this warning message and any useful information you can provide.
2023-12-09 18:54:00.158 xcodebuild[10787:102858] [MT] DVTAssertions: Warning in /System/Volumes/Data/SWE/Apps/DT/BuildRoots/BuildRoot11/ActiveBuildRoot/Library/Caches/com.apple.xbs/Sources/IDEFrameworks/IDEFrameworks-22267/IDEFoundation/Provisioning/Capabilities Infrastructure/IDECapabilityQuerySelection.swift:103
Details:  createItemModels creation requirements should not create capability item model for a capability item model that already exists.
Function: createItemModels(for:itemModelSource:)
Thread:   <_NSMainThread: 0x6000039303c0>{number = 1, name = main}
Please file a bug at https://feedbackassistant.apple.com with this warning message and any useful information you can provide.
2023-12-09 18:54:00.158 xcodebuild[10787:102858] [MT] DVTAssertions: Warning in /System/Volumes/Data/SWE/Apps/DT/BuildRoots/BuildRoot11/ActiveBuildRoot/Library/Caches/com.apple.xbs/Sources/IDEFrameworks/IDEFrameworks-22267/IDEFoundation/Provisioning/Capabilities Infrastructure/IDECapabilityQuerySelection.swift:103
Details:  createItemModels creation requirements should not create capability item model for a capability item model that already exists.
Function: createItemModels(for:itemModelSource:)
Thread:   <_NSMainThread: 0x6000039303c0>{number = 1, name = main}
Please file a bug at https://feedbackassistant.apple.com with this warning message and any useful information you can provide.
2023-12-09 18:54:00.158 xcodebuild[10787:102858] [MT] DVTAssertions: Warning in /System/Volumes/Data/SWE/Apps/DT/BuildRoots/BuildRoot11/ActiveBuildRoot/Library/Caches/com.apple.xbs/Sources/IDEFrameworks/IDEFrameworks-22267/IDEFoundation/Provisioning/Capabilities Infrastructure/IDECapabilityQuerySelection.swift:103
Details:  createItemModels creation requirements should not create capability item model for a capability item model that already exists.
Function: createItemModels(for:itemModelSource:)
Thread:   <_NSMainThread: 0x6000039303c0>{number = 1, name = main}
Please file a bug at https://feedbackassistant.apple.com with this warning message and any useful information you can provide.
2023-12-09 18:54:00.158 xcodebuild[10787:102858] [MT] DVTAssertions: Warning in /System/Volumes/Data/SWE/Apps/DT/BuildRoots/BuildRoot11/ActiveBuildRoot/Library/Caches/com.apple.xbs/Sources/IDEFrameworks/IDEFrameworks-22267/IDEFoundation/Provisioning/Capabilities Infrastructure/IDECapabilityQuerySelection.swift:103
Details:  createItemModels creation requirements should not create capability item model for a capability item model that already exists.
Function: createItemModels(for:itemModelSource:)
Thread:   <_NSMainThread: 0x6000039303c0>{number = 1, name = main}
Please file a bug at https://feedbackassistant.apple.com with this warning message and any useful information you can provide.
2023-12-09 18:54:00.158 xcodebuild[10787:102858] [MT] DVTAssertions: Warning in /System/Volumes/Data/SWE/Apps/DT/BuildRoots/BuildRoot11/ActiveBuildRoot/Library/Caches/com.apple.xbs/Sources/IDEFrameworks/IDEFrameworks-22267/IDEFoundation/Provisioning/Capabilities Infrastructure/IDECapabilityQuerySelection.swift:103
Details:  createItemModels creation requirements should not create capability item model for a capability item model that already exists.
Function: createItemModels(for:itemModelSource:)
Thread:   <_NSMainThread: 0x6000039303c0>{number = 1, name = main}
Please file a bug at https://feedbackassistant.apple.com with this warning message and any useful information you can provide.
2023-12-09 18:54:00.159 xcodebuild[10787:102858] [MT] DVTAssertions: Warning in /System/Volumes/Data/SWE/Apps/DT/BuildRoots/BuildRoot11/ActiveBuildRoot/Library/Caches/com.apple.xbs/Sources/IDEFrameworks/IDEFrameworks-22267/IDEFoundation/Provisioning/Capabilities Infrastructure/IDECapabilityQuerySelection.swift:103
Details:  createItemModels creation requirements should not create capability item model for a capability item model that already exists.
Function: createItemModels(for:itemModelSource:)
Thread:   <_NSMainThread: 0x6000039303c0>{number = 1, name = main}
Please file a bug at https://feedbackassistant.apple.com with this warning message and any useful information you can provide.
2023-12-09 18:54:00.159 xcodebuild[10787:102858] [MT] DVTAssertions: Warning in /System/Volumes/Data/SWE/Apps/DT/BuildRoots/BuildRoot11/ActiveBuildRoot/Library/Caches/com.apple.xbs/Sources/IDEFrameworks/IDEFrameworks-22267/IDEFoundation/Provisioning/Capabilities Infrastructure/IDECapabilityQuerySelection.swift:103
Details:  createItemModels creation requirements should not create capability item model for a capability item model that already exists.
Function: createItemModels(for:itemModelSource:)
Thread:   <_NSMainThread: 0x6000039303c0>{number = 1, name = main}
Please file a bug at https://feedbackassistant.apple.com with this warning message and any useful information you can provide.
2023-12-09 18:54:00.159 xcodebuild[10787:102858] [MT] DVTAssertions: Warning in /System/Volumes/Data/SWE/Apps/DT/BuildRoots/BuildRoot11/ActiveBuildRoot/Library/Caches/com.apple.xbs/Sources/IDEFrameworks/IDEFrameworks-22267/IDEFoundation/Provisioning/Capabilities Infrastructure/IDECapabilityQuerySelection.swift:103
Details:  createItemModels creation requirements should not create capability item model for a capability item model that already exists.
Function: createItemModels(for:itemModelSource:)
Thread:   <_NSMainThread: 0x6000039303c0>{number = 1, name = main}
Please file a bug at https://feedbackassistant.apple.com with this warning message and any useful information you can provide.
2023-12-09 18:54:00.159 xcodebuild[10787:102858] [MT] DVTAssertions: Warning in /System/Volumes/Data/SWE/Apps/DT/BuildRoots/BuildRoot11/ActiveBuildRoot/Library/Caches/com.apple.xbs/Sources/IDEFrameworks/IDEFrameworks-22267/IDEFoundation/Provisioning/Capabilities Infrastructure/IDECapabilityQuerySelection.swift:103
Details:  createItemModels creation requirements should not create capability item model for a capability item model that already exists.
Function: createItemModels(for:itemModelSource:)
Thread:   <_NSMainThread: 0x6000039303c0>{number = 1, name = main}
Please file a bug at https://feedbackassistant.apple.com with this warning message and any useful information you can provide.
2023-12-09 18:54:00.159 xcodebuild[10787:102858] [MT] DVTAssertions: Warning in /System/Volumes/Data/SWE/Apps/DT/BuildRoots/BuildRoot11/ActiveBuildRoot/Library/Caches/com.apple.xbs/Sources/IDEFrameworks/IDEFrameworks-22267/IDEFoundation/Provisioning/Capabilities Infrastructure/IDECapabilityQuerySelection.swift:103
Details:  createItemModels creation requirements should not create capability item model for a capability item model that already exists.
Function: createItemModels(for:itemModelSource:)
Thread:   <_NSMainThread: 0x6000039303c0>{number = 1, name = main}
Please file a bug at https://feedbackassistant.apple.com with this warning message and any useful information you can provide.
2023-12-09 18:54:00.159 xcodebuild[10787:102858] [MT] DVTAssertions: Warning in /System/Volumes/Data/SWE/Apps/DT/BuildRoots/BuildRoot11/ActiveBuildRoot/Library/Caches/com.apple.xbs/Sources/IDEFrameworks/IDEFrameworks-22267/IDEFoundation/Provisioning/Capabilities Infrastructure/IDECapabilityQuerySelection.swift:103
Details:  createItemModels creation requirements should not create capability item model for a capability item model that already exists.
Function: createItemModels(for:itemModelSource:)
Thread:   <_NSMainThread: 0x6000039303c0>{number = 1, name = main}
Please file a bug at https://feedbackassistant.apple.com with this warning message and any useful information you can provide.
2023-12-09 18:54:00.159 xcodebuild[10787:102858] [MT] DVTAssertions: Warning in /System/Volumes/Data/SWE/Apps/DT/BuildRoots/BuildRoot11/ActiveBuildRoot/Library/Caches/com.apple.xbs/Sources/IDEFrameworks/IDEFrameworks-22267/IDEFoundation/Provisioning/Capabilities Infrastructure/IDECapabilityQuerySelection.swift:103
Details:  createItemModels creation requirements should not create capability item model for a capability item model that already exists.
Function: createItemModels(for:itemModelSource:)
Thread:   <_NSMainThread: 0x6000039303c0>{number = 1, name = main}
Please file a bug at https://feedbackassistant.apple.com with this warning message and any useful information you can provide.
2023-12-09 18:54:00.159 xcodebuild[10787:102858] [MT] DVTAssertions: Warning in /System/Volumes/Data/SWE/Apps/DT/BuildRoots/BuildRoot11/ActiveBuildRoot/Library/Caches/com.apple.xbs/Sources/IDEFrameworks/IDEFrameworks-22267/IDEFoundation/Provisioning/Capabilities Infrastructure/IDECapabilityQuerySelection.swift:103
Details:  createItemModels creation requirements should not create capability item model for a capability item model that already exists.
Function: createItemModels(for:itemModelSource:)
Thread:   <_NSMainThread: 0x6000039303c0>{number = 1, name = main}
Please file a bug at https://feedbackassistant.apple.com with this warning message and any useful information you can provide.
2023-12-09 18:54:00.159 xcodebuild[10787:102858] [MT] DVTAssertions: Warning in /System/Volumes/Data/SWE/Apps/DT/BuildRoots/BuildRoot11/ActiveBuildRoot/Library/Caches/com.apple.xbs/Sources/IDEFrameworks/IDEFrameworks-22267/IDEFoundation/Provisioning/Capabilities Infrastructure/IDECapabilityQuerySelection.swift:103
Details:  createItemModels creation requirements should not create capability item model for a capability item model that already exists.
Function: createItemModels(for:itemModelSource:)
Thread:   <_NSMainThread: 0x6000039303c0>{number = 1, name = main}
Please file a bug at https://feedbackassistant.apple.com with this warning message and any useful information you can provide.
2023-12-09 18:54:00.159 xcodebuild[10787:102858] [MT] DVTAssertions: Warning in /System/Volumes/Data/SWE/Apps/DT/BuildRoots/BuildRoot11/ActiveBuildRoot/Library/Caches/com.apple.xbs/Sources/IDEFrameworks/IDEFrameworks-22267/IDEFoundation/Provisioning/Capabilities Infrastructure/IDECapabilityQuerySelection.swift:103
Details:  createItemModels creation requirements should not create capability item model for a capability item model that already exists.
Function: createItemModels(for:itemModelSource:)
Thread:   <_NSMainThread: 0x6000039303c0>{number = 1, name = main}
Please file a bug at https://feedbackassistant.apple.com with this warning message and any useful information you can provide.
2023-12-09 18:54:00.160 xcodebuild[10787:102858] [MT] DVTAssertions: Warning in /System/Volumes/Data/SWE/Apps/DT/BuildRoots/BuildRoot11/ActiveBuildRoot/Library/Caches/com.apple.xbs/Sources/IDEFrameworks/IDEFrameworks-22267/IDEFoundation/Provisioning/Capabilities Infrastructure/IDECapabilityQuerySelection.swift:103
Details:  createItemModels creation requirements should not create capability item model for a capability item model that already exists.
Function: createItemModels(for:itemModelSource:)
Thread:   <_NSMainThread: 0x6000039303c0>{number = 1, name = main}
Please file a bug at https://feedbackassistant.apple.com with this warning message and any useful information you can provide.
2023-12-09 18:54:00.160 xcodebuild[10787:102858] [MT] DVTAssertions: Warning in /System/Volumes/Data/SWE/Apps/DT/BuildRoots/BuildRoot11/ActiveBuildRoot/Library/Caches/com.apple.xbs/Sources/IDEFrameworks/IDEFrameworks-22267/IDEFoundation/Provisioning/Capabilities Infrastructure/IDECapabilityQuerySelection.swift:103
Details:  createItemModels creation requirements should not create capability item model for a capability item model that already exists.
Function: createItemModels(for:itemModelSource:)
Thread:   <_NSMainThread: 0x6000039303c0>{number = 1, name = main}
Please file a bug at https://feedbackassistant.apple.com with this warning message and any useful information you can provide.
2023-12-09 18:54:00.160 xcodebuild[10787:102858] [MT] DVTAssertions: Warning in /System/Volumes/Data/SWE/Apps/DT/BuildRoots/BuildRoot11/ActiveBuildRoot/Library/Caches/com.apple.xbs/Sources/IDEFrameworks/IDEFrameworks-22267/IDEFoundation/Provisioning/Capabilities Infrastructure/IDECapabilityQuerySelection.swift:103
Details:  createItemModels creation requirements should not create capability item model for a capability item model that already exists.
Function: createItemModels(for:itemModelSource:)
Thread:   <_NSMainThread: 0x6000039303c0>{number = 1, name = main}
Please file a bug at https://feedbackassistant.apple.com with this warning message and any useful information you can provide.
